<?xml version="1.0" encoding="UTF-8"?>
<!-- Generated by org.testng.reporters.JUnitReportReporter -->
<testsuite hostname="LDPLTP0022" failures="0" tests="1" name="com.levadata.testng.Nextqurter" time="25.406" errors="0" timestamp="2019-11-18T15:15:21 IST" skipped="0">
  <testcase classname="com.levadata.testng.Nextqurter" name="testMethod" time="25.406"/>
</testsuite> <!-- com.levadata.testng.Nextqurter -->
