<?xml version="1.0" encoding="UTF-8"?>
<!-- Generated by org.testng.reporters.JUnitReportReporter -->
<testsuite hostname="LDPLTP0022" failures="0" tests="1" name="com.levadata.testng.TestNgExample" time="28.708" errors="0" timestamp="2019-11-18T15:13:06 IST" skipped="0">
  <testcase classname="com.levadata.testng.TestNgExample" name="testMethod" time="28.708"/>
</testsuite> <!-- com.levadata.testng.TestNgExample -->
