<?xml version="1.0" encoding="UTF-8"?>
<!-- Generated by org.testng.reporters.JUnitReportReporter -->
<testsuite hostname="LDPLTP0022" failures="0" tests="2" name="com.levadata.AppacheMethodInvoke" time="40.531" errors="0" timestamp="2019-11-19T10:21:57 IST" skipped="0">
  <testcase classname="com.levadata.AppacheMethodInvoke" name="login" time="21.239"/>
  <testcase classname="com.levadata.AppacheMethodInvoke" name="login" time="19.292"/>
</testsuite> <!-- com.levadata.AppacheMethodInvoke -->
