<?xml version="1.0" encoding="UTF-8"?>
<!-- Generated by org.testng.reporters.JUnitReportReporter -->
<testsuite hostname="LDPLTP0022" failures="0" tests="3" name="com.levadata.DataProviderExample" time="0.015" errors="0" timestamp="2019-11-18T18:12:05 IST" skipped="0">
  <testcase classname="com.levadata.DataProviderExample" name="setData" time="0.002"/>
  <testcase classname="com.levadata.DataProviderExample" name="setData" time="0.001"/>
  <testcase classname="com.levadata.DataProviderExample" name="setData" time="0.012"/>
</testsuite> <!-- com.levadata.DataProviderExample -->
